2013-02-19 00:59:25,058 - Velocimacro : error using  VM library template VM_global_library.vm : org.apache.velocity.exception.ResourceNotFoundException: Unable to find resource 'VM_global_library.vm'
2013-02-19 00:59:25,058 - Velocimacro :  VM library template macro registration complete.
2013-02-19 00:59:25,059 - Velocimacro : allowInline = true : VMs can be defined inline in templates
2013-02-19 00:59:25,059 - Velocimacro : allowInlineToOverride = false : VMs defined inline may NOT replace previous VM definitions
2013-02-19 00:59:25,059 - Velocimacro : allowInlineLocal = false : VMs defined inline will be  global in scope if allowed.
2013-02-19 00:59:25,059 - Velocimacro : messages on  : VM system will output logging messages
2013-02-19 00:59:25,059 - Velocimacro : autoload off  : VM system will not automatically reload global library macros
2013-02-19 00:59:25,059 - Velocimacro : initialization complete.
2013-02-19 00:59:25,059 - Velocity successfully started.
2013-02-19 01:04:20,150 - SimpleLog4JLogSystem initialized using logfile 'velocity.log'
2013-02-19 01:04:20,150 - ************************************************************** 
2013-02-19 01:04:20,150 - Starting Jakarta Velocity v1.4
2013-02-19 01:04:20,150 - RuntimeInstance initializing.
2013-02-19 01:04:20,150 - Default Properties File: org\apache\velocity\runtime\defaults\velocity.properties
2013-02-19 01:04:20,150 - Trying to use logger class org.apache.velocity.runtime.log.SimpleLog4JLogSystem
2013-02-19 01:04:20,150 - Using logger class org.apache.velocity.runtime.log.SimpleLog4JLogSystem
2013-02-19 01:04:20,156 - Default ResourceManager initializing. (class org.apache.velocity.runtime.resource.ResourceManagerImpl)
2013-02-19 01:04:20,161 - Resource Loader Instantiated: org.apache.velocity.runtime.resource.loader.ClasspathResourceLoader
2013-02-19 01:04:20,161 - ClasspathResourceLoader : initialization starting.
2013-02-19 01:04:20,161 - ClasspathResourceLoader : initialization complete.
2013-02-19 01:04:20,164 - ResourceCache : initialized. (class org.apache.velocity.runtime.resource.ResourceCacheImpl)
2013-02-19 01:04:20,164 - Default ResourceManager initialization complete.
2013-02-19 01:04:20,168 - Loaded System Directive: org.apache.velocity.runtime.directive.Literal
2013-02-19 01:04:20,171 - Loaded System Directive: org.apache.velocity.runtime.directive.Macro
2013-02-19 01:04:20,176 - Loaded System Directive: org.apache.velocity.runtime.directive.Parse
2013-02-19 01:04:20,181 - Loaded System Directive: org.apache.velocity.runtime.directive.Include
2013-02-19 01:04:20,182 - Loaded System Directive: org.apache.velocity.runtime.directive.Foreach
2013-02-19 01:04:20,219 - Created: 20 parsers.
2013-02-19 01:04:20,236 - Velocimacro : initialization starting.
2013-02-19 01:04:20,236 - Velocimacro : adding VMs from VM library template : VM_global_library.vm
2013-02-19 01:04:20,242 - ResourceManager : unable to find resource 'VM_global_library.vm' in any resource loader.
2013-02-19 01:04:20,242 - Velocimacro : error using  VM library template VM_global_library.vm : org.apache.velocity.exception.ResourceNotFoundException: Unable to find resource 'VM_global_library.vm'
2013-02-19 01:04:20,242 - Velocimacro :  VM library template macro registration complete.
2013-02-19 01:04:20,242 - Velocimacro : allowInline = true : VMs can be defined inline in templates
2013-02-19 01:04:20,242 - Velocimacro : allowInlineToOverride = false : VMs defined inline may NOT replace previous VM definitions
2013-02-19 01:04:20,242 - Velocimacro : allowInlineLocal = false : VMs defined inline will be  global in scope if allowed.
2013-02-19 01:04:20,242 - Velocimacro : messages on  : VM system will output logging messages
2013-02-19 01:04:20,242 - Velocimacro : autoload off  : VM system will not automatically reload global library macros
2013-02-19 01:04:20,242 - Velocimacro : initialization complete.
2013-02-19 01:04:20,242 - Velocity successfully started.
2013-02-19 01:06:05,879 - SimpleLog4JLogSystem initialized using logfile 'velocity.log'
2013-02-19 01:06:05,879 - ************************************************************** 
2013-02-19 01:06:05,879 - Starting Jakarta Velocity v1.4
2013-02-19 01:06:05,879 - RuntimeInstance initializing.
2013-02-19 01:06:05,879 - Default Properties File: org\apache\velocity\runtime\defaults\velocity.properties
2013-02-19 01:06:05,879 - Trying to use logger class org.apache.velocity.runtime.log.SimpleLog4JLogSystem
2013-02-19 01:06:05,879 - Using logger class org.apache.velocity.runtime.log.SimpleLog4JLogSystem
2013-02-19 01:06:05,885 - Default ResourceManager initializing. (class org.apache.velocity.runtime.resource.ResourceManagerImpl)
2013-02-19 01:06:05,890 - Resource Loader Instantiated: org.apache.velocity.runtime.resource.loader.ClasspathResourceLoader
2013-02-19 01:06:05,890 - ClasspathResourceLoader : initialization starting.
2013-02-19 01:06:05,890 - ClasspathResourceLoader : initialization complete.
2013-02-19 01:06:05,893 - ResourceCache : initialized. (class org.apache.velocity.runtime.resource.ResourceCacheImpl)
2013-02-19 01:06:05,893 - Default ResourceManager initialization complete.
2013-02-19 01:06:05,898 - Loaded System Directive: org.apache.velocity.runtime.directive.Literal
2013-02-19 01:06:05,901 - Loaded System Directive: org.apache.velocity.runtime.directive.Macro
2013-02-19 01:06:05,906 - Loaded System Directive: org.apache.velocity.runtime.directive.Parse
2013-02-19 01:06:05,910 - Loaded System Directive: org.apache.velocity.runtime.directive.Include
2013-02-19 01:06:05,912 - Loaded System Directive: org.apache.velocity.runtime.directive.Foreach
2013-02-19 01:06:05,948 - Created: 20 parsers.
2013-02-19 01:06:05,965 - Velocimacro : initialization starting.
2013-02-19 01:06:05,965 - Velocimacro : adding VMs from VM library template : VM_global_library.vm
2013-02-19 01:06:05,971 - ResourceManager : unable to find resource 'VM_global_library.vm' in any resource loader.
2013-02-19 01:06:05,971 - Velocimacro : error using  VM library template VM_global_library.vm : org.apache.velocity.exception.ResourceNotFoundException: Unable to find resource 'VM_global_library.vm'
2013-02-19 01:06:05,971 - Velocimacro :  VM library template macro registration complete.
2013-02-19 01:06:05,971 - Velocimacro : allowInline = true : VMs can be defined inline in templates
2013-02-19 01:06:05,971 - Velocimacro : allowInlineToOverride = false : VMs defined inline may NOT replace previous VM definitions
2013-02-19 01:06:05,971 - Velocimacro : allowInlineLocal = false : VMs defined inline will be  global in scope if allowed.
2013-02-19 01:06:05,971 - Velocimacro : messages on  : VM system will output logging messages
2013-02-19 01:06:05,971 - Velocimacro : autoload off  : VM system will not automatically reload global library macros
2013-02-19 01:06:05,971 - Velocimacro : initialization complete.
2013-02-19 01:06:05,971 - Velocity successfully started.
2013-02-19 01:07:28,231 - SimpleLog4JLogSystem initialized using logfile 'velocity.log'
2013-02-19 01:07:28,231 - ************************************************************** 
2013-02-19 01:07:28,231 - Starting Jakarta Velocity v1.4
2013-02-19 01:07:28,231 - RuntimeInstance initializing.
2013-02-19 01:07:28,231 - Default Properties File: org\apache\velocity\runtime\defaults\velocity.properties
2013-02-19 01:07:28,231 - Trying to use logger class org.apache.velocity.runtime.log.SimpleLog4JLogSystem
2013-02-19 01:07:28,231 - Using logger class org.apache.velocity.runtime.log.SimpleLog4JLogSystem
2013-02-19 01:07:28,236 - Default ResourceManager initializing. (class org.apache.velocity.runtime.resource.ResourceManagerImpl)
2013-02-19 01:07:28,243 - Resource Loader Instantiated: org.apache.velocity.runtime.resource.loader.ClasspathResourceLoader
2013-02-19 01:07:28,243 - ClasspathResourceLoader : initialization starting.
2013-02-19 01:07:28,243 - ClasspathResourceLoader : initialization complete.
2013-02-19 01:07:28,246 - ResourceCache : initialized. (class org.apache.velocity.runtime.resource.ResourceCacheImpl)
2013-02-19 01:07:28,246 - Default ResourceManager initialization complete.
2013-02-19 01:07:28,251 - Loaded System Directive: org.apache.velocity.runtime.directive.Literal
2013-02-19 01:07:28,254 - Loaded System Directive: org.apache.velocity.runtime.directive.Macro
2013-02-19 01:07:28,260 - Loaded System Directive: org.apache.velocity.runtime.directive.Parse
2013-02-19 01:07:28,264 - Loaded System Directive: org.apache.velocity.runtime.directive.Include
2013-02-19 01:07:28,266 - Loaded System Directive: org.apache.velocity.runtime.directive.Foreach
2013-02-19 01:07:28,303 - Created: 20 parsers.
2013-02-19 01:07:28,321 - Velocimacro : initialization starting.
2013-02-19 01:07:28,321 - Velocimacro : adding VMs from VM library template : VM_global_library.vm
2013-02-19 01:07:28,327 - ResourceManager : unable to find resource 'VM_global_library.vm' in any resource loader.
2013-02-19 01:07:28,327 - Velocimacro : error using  VM library template VM_global_library.vm : org.apache.velocity.exception.ResourceNotFoundException: Unable to find resource 'VM_global_library.vm'
2013-02-19 01:07:28,327 - Velocimacro :  VM library template macro registration complete.
2013-02-19 01:07:28,327 - Velocimacro : allowInline = true : VMs can be defined inline in templates
2013-02-19 01:07:28,327 - Velocimacro : allowInlineToOverride = false : VMs defined inline may NOT replace previous VM definitions
2013-02-19 01:07:28,327 - Velocimacro : allowInlineLocal = false : VMs defined inline will be  global in scope if allowed.
2013-02-19 01:07:28,327 - Velocimacro : messages on  : VM system will output logging messages
2013-02-19 01:07:28,327 - Velocimacro : autoload off  : VM system will not automatically reload global library macros
2013-02-19 01:07:28,327 - Velocimacro : initialization complete.
2013-02-19 01:07:28,327 - Velocity successfully started.
2013-02-19 01:08:18,807 - SimpleLog4JLogSystem initialized using logfile 'velocity.log'
2013-02-19 01:08:18,807 - ************************************************************** 
2013-02-19 01:08:18,807 - Starting Jakarta Velocity v1.4
2013-02-19 01:08:18,807 - RuntimeInstance initializing.
2013-02-19 01:08:18,807 - Default Properties File: org\apache\velocity\runtime\defaults\velocity.properties
2013-02-19 01:08:18,807 - Trying to use logger class org.apache.velocity.runtime.log.SimpleLog4JLogSystem
2013-02-19 01:08:18,807 - Using logger class org.apache.velocity.runtime.log.SimpleLog4JLogSystem
2013-02-19 01:08:18,813 - Default ResourceManager initializing. (class org.apache.velocity.runtime.resource.ResourceManagerImpl)
2013-02-19 01:08:18,818 - Resource Loader Instantiated: org.apache.velocity.runtime.resource.loader.ClasspathResourceLoader
2013-02-19 01:08:18,818 - ClasspathResourceLoader : initialization starting.
2013-02-19 01:08:18,818 - ClasspathResourceLoader : initialization complete.
2013-02-19 01:08:18,821 - ResourceCache : initialized. (class org.apache.velocity.runtime.resource.ResourceCacheImpl)
2013-02-19 01:08:18,821 - Default ResourceManager initialization complete.
2013-02-19 01:08:18,825 - Loaded System Directive: org.apache.velocity.runtime.directive.Literal
2013-02-19 01:08:18,829 - Loaded System Directive: org.apache.velocity.runtime.directive.Macro
2013-02-19 01:08:18,833 - Loaded System Directive: org.apache.velocity.runtime.directive.Parse
2013-02-19 01:08:18,837 - Loaded System Directive: org.apache.velocity.runtime.directive.Include
2013-02-19 01:08:18,839 - Loaded System Directive: org.apache.velocity.runtime.directive.Foreach
2013-02-19 01:08:18,875 - Created: 20 parsers.
2013-02-19 01:08:18,892 - Velocimacro : initialization starting.
2013-02-19 01:08:18,892 - Velocimacro : adding VMs from VM library template : VM_global_library.vm
2013-02-19 01:08:18,898 - ResourceManager : unable to find resource 'VM_global_library.vm' in any resource loader.
2013-02-19 01:08:18,898 - Velocimacro : error using  VM library template VM_global_library.vm : org.apache.velocity.exception.ResourceNotFoundException: Unable to find resource 'VM_global_library.vm'
2013-02-19 01:08:18,898 - Velocimacro :  VM library template macro registration complete.
2013-02-19 01:08:18,898 - Velocimacro : allowInline = true : VMs can be defined inline in templates
2013-02-19 01:08:18,898 - Velocimacro : allowInlineToOverride = false : VMs defined inline may NOT replace previous VM definitions
2013-02-19 01:08:18,898 - Velocimacro : allowInlineLocal = false : VMs defined inline will be  global in scope if allowed.
2013-02-19 01:08:18,898 - Velocimacro : messages on  : VM system will output logging messages
2013-02-19 01:08:18,898 - Velocimacro : autoload off  : VM system will not automatically reload global library macros
2013-02-19 01:08:18,898 - Velocimacro : initialization complete.
2013-02-19 01:08:18,898 - Velocity successfully started.
2013-02-19 01:11:08,804 - SimpleLog4JLogSystem initialized using logfile 'velocity.log'
2013-02-19 01:11:08,805 - ************************************************************** 
2013-02-19 01:11:08,805 - Starting Jakarta Velocity v1.4
2013-02-19 01:11:08,805 - RuntimeInstance initializing.
2013-02-19 01:11:08,805 - Default Properties File: org\apache\velocity\runtime\defaults\velocity.properties
2013-02-19 01:11:08,805 - Trying to use logger class org.apache.velocity.runtime.log.SimpleLog4JLogSystem
2013-02-19 01:11:08,805 - Using logger class org.apache.velocity.runtime.log.SimpleLog4JLogSystem
2013-02-19 01:11:08,811 - Default ResourceManager initializing. (class org.apache.velocity.runtime.resource.ResourceManagerImpl)
2013-02-19 01:11:08,816 - Resource Loader Instantiated: org.apache.velocity.runtime.resource.loader.ClasspathResourceLoader
2013-02-19 01:11:08,816 - ClasspathResourceLoader : initialization starting.
2013-02-19 01:11:08,816 - ClasspathResourceLoader : initialization complete.
2013-02-19 01:11:08,819 - ResourceCache : initialized. (class org.apache.velocity.runtime.resource.ResourceCacheImpl)
2013-02-19 01:11:08,819 - Default ResourceManager initialization complete.
2013-02-19 01:11:08,824 - Loaded System Directive: org.apache.velocity.runtime.directive.Literal
2013-02-19 01:11:08,827 - Loaded System Directive: org.apache.velocity.runtime.directive.Macro
2013-02-19 01:11:08,832 - Loaded System Directive: org.apache.velocity.runtime.directive.Parse
2013-02-19 01:11:08,836 - Loaded System Directive: org.apache.velocity.runtime.directive.Include
2013-02-19 01:11:08,837 - Loaded System Directive: org.apache.velocity.runtime.directive.Foreach
2013-02-19 01:11:08,872 - Created: 20 parsers.
2013-02-19 01:11:08,889 - Velocimacro : initialization starting.
2013-02-19 01:11:08,889 - Velocimacro : adding VMs from VM library template : VM_global_library.vm
2013-02-19 01:11:08,895 - ResourceManager : unable to find resource 'VM_global_library.vm' in any resource loader.
2013-02-19 01:11:08,895 - Velocimacro : error using  VM library template VM_global_library.vm : org.apache.velocity.exception.ResourceNotFoundException: Unable to find resource 'VM_global_library.vm'
2013-02-19 01:11:08,895 - Velocimacro :  VM library template macro registration complete.
2013-02-19 01:11:08,895 - Velocimacro : allowInline = true : VMs can be defined inline in templates
2013-02-19 01:11:08,895 - Velocimacro : allowInlineToOverride = false : VMs defined inline may NOT replace previous VM definitions
2013-02-19 01:11:08,895 - Velocimacro : allowInlineLocal = false : VMs defined inline will be  global in scope if allowed.
2013-02-19 01:11:08,895 - Velocimacro : messages on  : VM system will output logging messages
2013-02-19 01:11:08,895 - Velocimacro : autoload off  : VM system will not automatically reload global library macros
2013-02-19 01:11:08,895 - Velocimacro : initialization complete.
2013-02-19 01:11:08,895 - Velocity successfully started.
